<?xml version="1.0" encoding="utf-8"?><testsuites name="pytest tests"><testsuite name="pytest" errors="0" failures="1" skipped="0" tests="40" time="82.987" timestamp="2026-09-07T09:28:40.894952+00:00" hostname="agent-env-8b815e1d-d8a3-4416-b239-ac2bcdf8278f"><testcase classname="tests.test_engine" name="test_geodesic_hectares_of_known_square" time="0.010" /><testcase classname="tests.test_regression_iter3" name="test_root_storage_postgis" time="0.935" /><testcase classname="tests.test_engine" name="test_polygon_validation" time="0.013" /><testcase classname="tests.test_engine" name="test_flood_percent[0-100-0.0]" time="0.010" /><testcase classname="tests.test_engine" name="test_flood_percent[65-100-65.0]" time="0.007" /><testcase classname="tests.test_engine" name="test_flood_percent[33.333-100-33.3]" time="0.002" /><testcase classname="tests.test_engine" name="test_flood_percent[150-100-100.0]" time="0.003" /><testcase classname="tests.test_engine" name="test_flood_percent[5-0-0.0]" time="0.008" /><testcase classname="tests.test_engine" name="test_severity_thresholds[0-LOW]" time="0.012" /><testcase classname="tests.test_engine" name="test_severity_thresholds[19.9-LOW]" time="0.006" /><testcase classname="tests.test_engine" name="test_severity_thresholds[20-MEDIUM]" time="0.004" /><testcase classname="tests.test_engine" name="test_severity_thresholds[49.9-MEDIUM]" time="0.005" /><testcase classname="tests.test_engine" name="test_severity_thresholds[50-HIGH]" time="0.012" /><testcase classname="tests.test_engine" name="test_severity_thresholds[100-HIGH]" time="0.006" /><testcase classname="tests.test_engine" name="test_demo_flood_is_deterministic_partial_overlap" time="0.005" /><testcase classname="tests.test_engine" name="test_soil_assessment[78-38-Saturated-HIGH]" time="0.007" /><testcase classname="tests.test_engine" name="test_soil_assessment[70-20-Saturated-HIGH]" time="0.011" /><testcase classname="tests.test_engine" name="test_soil_assessment[69-38-Moist-MEDIUM]" time="0.005" /><testcase classname="tests.test_engine" name="test_soil_assessment[55-5-Moist-MEDIUM]" time="0.010" /><testcase classname="tests.test_engine" name="test_soil_assessment[45-5-Moist-LOW]" time="0.011" /><testcase classname="tests.test_engine" name="test_soil_assessment[20-0-Dry-LOW]" time="0.011" /><testcase classname="tests.test_engine" name="test_crop_recommendations_prefer_rice_when_waterlogged" time="0.002" /><testcase classname="tests.test_engine" name="test_planting_readiness_bands" time="0.017" /><testcase classname="tests.test_engine" name="test_alerts_follow_conditions" time="0.003" /><testcase classname="tests.test_mvp_api" name="test_public_root_and_docs" time="0.860" /><testcase classname="tests.test_regression_iter3" name="test_auth_flows" time="3.237" /><testcase classname="tests.test_mvp_api" name="test_auth_and_dashboard_flow" time="3.231" /><testcase classname="tests.test_regression_iter3" name="test_register_farmer_and_duplicate" time="1.623" /><testcase classname="tests.test_mvp_api" name="test_field_crud_and_validation" time="4.639" /><testcase classname="tests.test_regression_iter3" name="test_seeded_admin_field_shape" time="1.594" /><testcase classname="tests.test_regression_iter3" name="test_field_crud_and_polygon_validation" time="4.167" /><testcase classname="tests.test_mvp_api" name="test_sentinel_demo_run_and_artifacts" time="5.018" /><testcase classname="tests.test_regression_iter3" name="test_ownership_isolation" time="5.194" /><testcase classname="tests.test_mvp_api" name="test_flood_analysis_history_and_optional_routes" time="3.605" /><testcase classname="tests.test_regression_iter3" name="test_flood_analyze_deterministic" time="2.653" /><testcase classname="tests.test_storage_postgis" name="test_postgis_store_roundtrip" time="0.784" /><testcase classname="tests.test_regression_iter3" name="test_dashboard_full_context" time="1.181" /><testcase classname="tests.test_regression_iter3" name="test_sentinel_demo_and_artifacts" time="33.609"><failure message="requests.exceptions.ConnectTimeout: HTTPSConnectionPool(host='sentinel-crop-ai.preview.emergentagent.com', port=443): Max retries exceeded with url: /api/sentinel1/results/107917f9-c13e-4a44-88de-18b838ae2b5b/flood-mask.png (Caused by ConnectTimeoutError(&lt;HTTPSConnection(host='sentinel-crop-ai.preview.emergentagent.com', port=443) at 0x79347c0d7fd0&gt;, 'Connection to sentinel-crop-ai.preview.emergentagent.com timed out. (connect timeout=15)'))">/root/.venv/lib/python3.11/site-packages/urllib3/connection.py:204: in _new_conn
    sock = connection.create_connection(
/root/.venv/lib/python3.11/site-packages/urllib3/util/connection.py:85: in create_connection
    raise err
/root/.venv/lib/python3.11/site-packages/urllib3/util/connection.py:73: in create_connection
    sock.connect(sa)
E   TimeoutError: timed out

The above exception was the direct cause of the following exception:
/root/.venv/lib/python3.11/site-packages/urllib3/connectionpool.py:788: in urlopen
    response = self._make_request(
/root/.venv/lib/python3.11/site-packages/urllib3/connectionpool.py:488: in _make_request
    raise new_e
/root/.venv/lib/python3.11/site-packages/urllib3/connectionpool.py:464: in _make_request
    self._validate_conn(conn)
/root/.venv/lib/python3.11/site-packages/urllib3/connectionpool.py:1106: in _validate_conn
    conn.connect()
/root/.venv/lib/python3.11/site-packages/urllib3/connection.py:759: in connect
    self.sock = sock = self._new_conn()
                       ^^^^^^^^^^^^^^^^
/root/.venv/lib/python3.11/site-packages/urllib3/connection.py:213: in _new_conn
    raise ConnectTimeoutError(
E   urllib3.exceptions.ConnectTimeoutError: (&lt;HTTPSConnection(host='sentinel-crop-ai.preview.emergentagent.com', port=443) at 0x79347c0d7fd0&gt;, 'Connection to sentinel-crop-ai.preview.emergentagent.com timed out. (connect timeout=15)')

The above exception was the direct cause of the following exception:
/root/.venv/lib/python3.11/site-packages/requests/adapters.py:696: in send
    resp = conn.urlopen(
/root/.venv/lib/python3.11/site-packages/urllib3/connectionpool.py:842: in urlopen
    retries = retries.increment(
/root/.venv/lib/python3.11/site-packages/urllib3/util/retry.py:543: in increment
    raise MaxRetryError(_pool, url, reason) from reason  # type: ignore[arg-type]
    ^^^^^^^^^^^^^^^^^^^^^^^^^^^^^^^^^^^^^^^^^^^^^^^^^^^
E   urllib3.exceptions.MaxRetryError: HTTPSConnectionPool(host='sentinel-crop-ai.preview.emergentagent.com', port=443): Max retries exceeded with url: /api/sentinel1/results/107917f9-c13e-4a44-88de-18b838ae2b5b/flood-mask.png (Caused by ConnectTimeoutError(&lt;HTTPSConnection(host='sentinel-crop-ai.preview.emergentagent.com', port=443) at 0x79347c0d7fd0&gt;, 'Connection to sentinel-crop-ai.preview.emergentagent.com timed out. (connect timeout=15)'))

During handling of the above exception, another exception occurred:
tests/test_regression_iter3.py:166: in test_sentinel_demo_and_artifacts
    assert requests.get(f"{BASE}{url}", timeout=15).status_code == 401
           ^^^^^^^^^^^^^^^^^^^^^^^^^^^^^^^^^^^^^^^^
/root/.venv/lib/python3.11/site-packages/requests/api.py:87: in get
    return request("get", url, params=params, **kwargs)
           ^^^^^^^^^^^^^^^^^^^^^^^^^^^^^^^^^^^^^^^^^^^^
/root/.venv/lib/python3.11/site-packages/requests/api.py:71: in request
    return session.request(method=method, url=url, **kwargs)
           ^^^^^^^^^^^^^^^^^^^^^^^^^^^^^^^^^^^^^^^^^^^^^^^^^
/root/.venv/lib/python3.11/site-packages/requests/sessions.py:651: in request
    resp = self.send(prep, **send_kwargs)
           ^^^^^^^^^^^^^^^^^^^^^^^^^^^^^^
/root/.venv/lib/python3.11/site-packages/requests/sessions.py:784: in send
    r = adapter.send(request, **kwargs)
        ^^^^^^^^^^^^^^^^^^^^^^^^^^^^^^^
/root/.venv/lib/python3.11/site-packages/requests/adapters.py:717: in send
    raise ConnectTimeout(e, request=request)
E   requests.exceptions.ConnectTimeout: HTTPSConnectionPool(host='sentinel-crop-ai.preview.emergentagent.com', port=443): Max retries exceeded with url: /api/sentinel1/results/107917f9-c13e-4a44-88de-18b838ae2b5b/flood-mask.png (Caused by ConnectTimeoutError(&lt;HTTPSConnection(host='sentinel-crop-ai.preview.emergentagent.com', port=443) at 0x79347c0d7fd0&gt;, 'Connection to sentinel-crop-ai.preview.emergentagent.com timed out. (connect timeout=15)'))</failure></testcase><testcase classname="tests.test_regression_iter3" name="test_pdf_report" time="16.248" /><testcase classname="tests.test_regression_iter3" name="test_create_analyze_delete_field" time="5.954" /></testsuite></testsuites>