<?xml version="1.0" encoding="utf-8"?><testsuites name="pytest tests"><testsuite name="pytest" errors="0" failures="0" skipped="0" tests="3" time="5.619" timestamp="2026-09-07T08:16:45.378241+00:00" hostname="agent-env-8b815e1d-d8a3-4416-b239-ac2bcdf8278f"><testcase classname="tests.test_mvp_api" name="test_public_root_and_docs" time="0.481" /><testcase classname="tests.test_mvp_api" name="test_auth_and_dashboard_flow" time="1.071" /><testcase classname="tests.test_mvp_api" name="test_flood_analysis_history_and_optional_routes" time="1.726" /></testsuite></testsuites>