<?xml version="1.0" encoding="utf-8"?><testsuites name="pytest tests"><testsuite name="pytest" errors="0" failures="0" skipped="0" tests="51" time="30.858" timestamp="2026-09-12T05:34:15.457090+00:00" hostname="agent-env-8b815e1d-d8a3-4416-b239-ac2bcdf8278f"><testcase classname="tests.test_regression_iter3" name="test_root_storage_postgis" time="0.791" /><testcase classname="tests.test_engine" name="test_geodesic_hectares_of_known_square" time="0.008" /><testcase classname="tests.test_engine" name="test_polygon_validation" time="0.004" /><testcase classname="tests.test_engine" name="test_flood_percent[0-100-0.0]" time="0.011" /><testcase classname="tests.test_engine" name="test_flood_percent[65-100-65.0]" time="0.010" /><testcase classname="tests.test_engine" name="test_flood_percent[33.333-100-33.3]" time="0.008" /><testcase classname="tests.test_engine" name="test_flood_percent[150-100-100.0]" time="0.007" /><testcase classname="tests.test_engine" name="test_flood_percent[5-0-0.0]" time="0.002" /><testcase classname="tests.test_engine" name="test_severity_thresholds[0-LOW]" time="0.014" /><testcase classname="tests.test_engine" name="test_severity_thresholds[19.9-LOW]" time="0.013" /><testcase classname="tests.test_engine" name="test_severity_thresholds[20-MEDIUM]" time="0.010" /><testcase classname="tests.test_engine" name="test_severity_thresholds[49.9-MEDIUM]" time="0.008" /><testcase classname="tests.test_engine" name="test_severity_thresholds[50-HIGH]" time="0.015" /><testcase classname="tests.test_engine" name="test_severity_thresholds[100-HIGH]" time="0.010" /><testcase classname="tests.test_engine" name="test_demo_flood_is_deterministic_partial_overlap" time="0.015" /><testcase classname="tests.test_engine" name="test_soil_assessment[78-38-Saturated-HIGH]" time="0.011" /><testcase classname="tests.test_engine" name="test_soil_assessment[70-20-Saturated-HIGH]" time="0.003" /><testcase classname="tests.test_engine" name="test_soil_assessment[69-38-Moist-MEDIUM]" time="0.005" /><testcase classname="tests.test_engine" name="test_soil_assessment[55-5-Moist-MEDIUM]" time="0.002" /><testcase classname="tests.test_engine" name="test_soil_assessment[45-5-Moist-LOW]" time="0.002" /><testcase classname="tests.test_engine" name="test_soil_assessment[20-0-Dry-LOW]" time="0.001" /><testcase classname="tests.test_engine" name="test_crop_recommendations_prefer_rice_when_waterlogged" time="0.001" /><testcase classname="tests.test_engine" name="test_planting_readiness_bands" time="0.002" /><testcase classname="tests.test_engine" name="test_alerts_follow_conditions" time="0.001" /><testcase classname="tests.test_regression_iter4.TestSignup" name="test_register_admin_role" time="0.993" /><testcase classname="tests.test_regression_iter3" name="test_auth_flows" time="3.777" /><testcase classname="tests.test_regression_iter4.TestSignup" name="test_register_invalid_role_coerced" time="1.813" /><testcase classname="tests.test_regression_iter4.TestSignup" name="test_register_duplicate" time="1.708" /><testcase classname="tests.test_regression_iter3" name="test_register_farmer_and_duplicate" time="1.107" /><testcase classname="tests.test_regression_iter4.TestSignup" name="test_short_password_422" time="0.550" /><testcase classname="tests.test_regression_iter4.TestSignup" name="test_short_name_422" time="0.247" /><testcase classname="tests.test_regression_iter4.TestSignup" name="test_invalid_email_422" time="0.204" /><testcase classname="tests.test_regression_iter3" name="test_seeded_admin_field_shape" time="0.971" /><testcase classname="tests.test_regression_iter4.TestSignup" name="test_new_user_empty_state" time="1.381" /><testcase classname="tests.test_regression_iter3" name="test_field_crud_and_polygon_validation" time="2.723" /><testcase classname="tests.test_regression_iter4.TestSignup" name="test_isolation_new_user_cannot_see_admin_fields" time="1.540" /><testcase classname="tests.test_mvp_api" name="test_public_root_and_docs" time="0.513" /><testcase classname="tests.test_mvp_api" name="test_auth_and_dashboard_flow" time="2.422" /><testcase classname="tests.test_regression_iter3" name="test_ownership_isolation" time="5.185" /><testcase classname="tests.test_mvp_api" name="test_field_crud_and_validation" time="3.094" /><testcase classname="tests.test_regression_iter3" name="test_flood_analyze_deterministic" time="2.235" /><testcase classname="tests.test_mvp_api" name="test_sentinel_demo_run_and_artifacts" time="2.968" /><testcase classname="tests.test_regression_iter3" name="test_dashboard_full_context" time="0.877" /><testcase classname="tests.test_regression_iter3" name="test_sentinel_demo_and_artifacts" time="5.751" /><testcase classname="tests.test_mvp_api" name="test_flood_analysis_history_and_optional_routes" time="2.510" /><testcase classname="tests.test_regression_iter4.TestOverview" name="test_admin_overview_and_new_field_lifecycle" time="2.678" /><testcase classname="tests.test_regression_iter3" name="test_pdf_report" time="1.675" /><testcase classname="tests.test_regression_iter4.TestReportsPersistence" name="test_generate_list_download_and_isolation" time="3.176" /><testcase classname="tests.test_regression_iter3" name="test_create_analyze_delete_field" time="1.655" /><testcase classname="tests.test_regression_iter4.TestHealth" name="test_health_ok" time="0.273" /><testcase classname="tests.test_storage_postgis" name="test_postgis_store_roundtrip" time="0.204" /></testsuite></testsuites>